09:13:35 **** Incremental Build of configuration Debug for project cv05uart ****
make -j4 all 
arm-none-eabi-gcc "../Core/Src/main.c" -mcpu=cortex-m0 -std=gnu11 -g3 -DDEBUG -DUSE_HAL_DRIVER -DSTM32F030x8 -c -I../Core/Inc -I../Drivers/STM32F0xx_HAL_Driver/Inc -I../Drivers/STM32F0xx_HAL_Driver/Inc/Legacy -I../Drivers/CMSIS/Device/ST/STM32F0xx/Include -I../Drivers/CMSIS/Include -O0 -ffunction-sections -fdata-sections -Wall -fstack-usage -fcyclomatic-complexity -MMD -MP -MF"Core/Src/main.d" -MT"Core/Src/main.o" --specs=nano.specs -mfloat-abi=soft -mthumb -o "Core/Src/main.o"
../Core/Src/main.c: In function 'uart_process_command':
../Core/Src/main.c:73:9: warning: implicit declaration of function 'printf' [-Wimplicit-function-declaration]
   73 |         printf("prijato: '%s'\n", cmd);
      |         ^~~~~~
../Core/Src/main.c:21:1: note: include '<stdio.h>' or provide a declaration of 'printf'
   20 | #include "main.h"
  +++ |+#include <stdio.h>
   21 | 
../Core/Src/main.c:73:9: warning: incompatible implicit declaration of built-in function 'printf' [-Wbuiltin-declaration-mismatch]
   73 |         printf("prijato: '%s'\n", cmd);
      |         ^~~~~~
../Core/Src/main.c:73:9: note: include '<stdio.h>' or provide a declaration of 'printf'
../Core/Src/main.c:75:17: warning: implicit declaration of function 'strtok' [-Wimplicit-function-declaration]
   75 |         token = strtok(cmd, " ");
      |                 ^~~~~~
../Core/Src/main.c:75:15: warning: assignment to 'char *' from 'int' makes pointer from integer without a cast [-Wint-conversion]
   75 |         token = strtok(cmd, " ");
      |               ^
../Core/Src/main.c:76:13: warning: implicit declaration of function 'strcasecmp' [-Wimplicit-function-declaration]
   76 |         if (strcasecmp(token, "HELLO") == 0)
      |             ^~~~~~~~~~
../Core/Src/main.c:82:23: warning: assignment to 'char *' from 'int' makes pointer from integer without a cast [-Wint-conversion]
   82 |                 token = strtok(NULL, " ");
      |                       ^
../Core/Src/main.c:95:23: warning: assignment to 'char *' from 'int' makes pointer from integer without a cast [-Wint-conversion]
   95 |                 token = strtok(NULL, " ");
      |                       ^
arm-none-eabi-gcc -o "cv05uart.elf" @"objects.list"   -mcpu=cortex-m0 -T"C:\Temp\MKSVanek\MKS\cv05uart\STM32F030R8TX_FLASH.ld" --specs=nosys.specs -Wl,-Map="cv05uart.map" -Wl,--gc-sections -static --specs=nano.specs -mfloat-abi=soft -mthumb -Wl,--start-group -lc -lm -Wl,--end-group
Finished building target: cv05uart.elf
 
arm-none-eabi-size  cv05uart.elf 
arm-none-eabi-objdump -h -S cv05uart.elf  > "cv05uart.list"
   text	   data	    bss	    dec	    hex	filename
  13632	    104	   2440	  16176	   3f30	cv05uart.elf
Finished building: default.size.stdout
 
Finished building: cv05uart.list
 

09:13:36 Build Finished. 0 errors, 7 warnings. (took 1s.25ms)

